Log file open, 05/28/17 21:39:43
LogInit:Display: Running engine for game: Zelda3D
LogPlatformFile: Not using cached read wrapper
LogInit:Display: RandInit(708314566) SRandInit(708314566).
LogTaskGraph: Started task graph with 5 named threads and 6 total threads with 1 sets of task threads.
LogStats: Stats thread started at 0.082777
LogInit: Using libcurl 7.47.1
LogInit:  - built for x86_64-pc-win32
LogInit:  - supports SSL with OpenSSL/1.0.2g
LogInit:  - supports HTTP deflate (compression) using libz 1.2.8
LogInit:  - other features:
LogInit:      CURL_VERSION_SSL
LogInit:      CURL_VERSION_LIBZ
LogInit:      CURL_VERSION_IPV6
LogInit:      CURL_VERSION_ASYNCHDNS
LogInit:      CURL_VERSION_LARGEFILE
LogInit:      CURL_VERSION_IDN
LogInit:  CurlRequestOptions (configurable via config and command line):
LogInit:  - bVerifyPeer = false  - Libcurl will NOT verify peer certificate
LogInit:  - bUseHttpProxy = false  - Libcurl will NOT use HTTP proxy
LogInit:  - bDontReuseConnections = false  - Libcurl will reuse connections
LogInit:  - CertBundlePath = nullptr  - Libcurl will use whatever was configured at build time.
LogInit: Build: ++UE4+Release-4.15-CL-3450819
LogInit: Engine Version: 4.15.3-3450819+++UE4+Release-4.15
LogInit: Compatible Engine Version: 4.15.0-3299760+++UE4+Release-4.15
LogInit: Net CL: 3299760
LogDevObjectVersion: Number of dev versions registered: 14
LogDevObjectVersion:   Dev-Blueprints (B0D832E4-1F89-4F0D-ACCF-7EB736FD4AA2): 8
LogDevObjectVersion:   Dev-Build (E1C64328-A22C-4D53-A36C-8E866417BD8C): 0
LogDevObjectVersion:   Dev-Core (375EC13C-06E4-48FB-B500-84F0262A717E): 2
LogDevObjectVersion:   Dev-Editor (E4B068ED-F494-42E9-A231-DA0B2E46BB41): 14
LogDevObjectVersion:   Dev-Framework (CFFC743F-43B0-4480-9391-14DF171D2073): 22
LogDevObjectVersion:   Dev-Mobile (B02B49B5-BB20-44E9-A304-32B752E40360): 0
LogDevObjectVersion:   Dev-Networking (A4E4105C-59A1-49B5-A7C5-40C4547EDFEE): 0
LogDevObjectVersion:   Dev-Online (39C831C9-5AE6-47DC-9A44-9C173E1C8E7C): 0
LogDevObjectVersion:   Dev-Physics (78F01B33-EBEA-4F98-B9B4-84EACCB95AA2): 0
LogDevObjectVersion:   Dev-Platform (6631380F-2D4D-43E0-8009-CF276956A95A): 0
LogDevObjectVersion:   Dev-Rendering (12F88B9F-8875-4AFC-A67C-D90C383ABD29): 12
LogDevObjectVersion:   Dev-Sequencer (7B5AE74C-D270-4C10-A958-57980B212A5A): 3
LogDevObjectVersion:   Dev-VR (D7296918-1DD6-4BDD-9DE2-64A83CC13884): 0
LogDevObjectVersion:   Dev-LoadTimes (C2A15278-BFE7-4AFE-6C17-90FF531DF755): 1
LogInit: Compiled (64-bit): May 21 2017 11:02:34
LogInit: Compiled with Visual C++: 19.00.23026.00
LogInit: Build Configuration: Development
LogInit: Branch Name: ++UE4+Release-4.15
LogInit: Command line:  
LogInit: Base directory: C:/Program Files/Epic Games/UE_4.15/Engine/Binaries/Win64/
LogInit: Installed Engine Build: 1
LogInit: Presizing for max 8388607 objects, including 0 objects not considered by GC, pre-allocating 0 bytes for permanent pool.
LogInit: Object subsystem initialized
[2017.05.29-00.39.45:508][  0]LogInit: Selected Device Profile: [Windows]
[2017.05.29-00.39.45:508][  0]LogInit: Applying CVar settings loaded from the selected device profile: [Windows]
[2017.05.29-00.39.45:548][  0]LogInit: Computer: TOSHIBADEANTONI
[2017.05.29-00.39.45:548][  0]LogInit: User: AntonioAugusto
[2017.05.29-00.39.45:548][  0]LogInit: CPU Page size=65536, Cores=2
[2017.05.29-00.39.45:548][  0]LogInit: High frequency timer resolution =2.338448 MHz
[2017.05.29-00.39.45:548][  0]LogMemory: Memory total: Physical=4.0GB (4GB approx)
[2017.05.29-00.39.45:548][  0]LogMemory: Platform Memory Stats for Windows
[2017.05.29-00.39.45:548][  0]LogMemory: Process Physical Memory: 262.74 MB used, 262.74 MB peak
[2017.05.29-00.39.45:548][  0]LogMemory: Process Virtual Memory: 261.89 MB used, 261.89 MB peak
[2017.05.29-00.39.45:548][  0]LogMemory: Physical Memory: 2305.51 MB used,  1772.46 MB free, 4077.98 MB total
[2017.05.29-00.39.45:548][  0]LogMemory: Virtual Memory: 642.97 MB used,  1772.46 MB free, 134217728.00 MB total
[2017.05.29-00.39.46:160][  0]LogInit: Overriding culture en with editor configuration.
[2017.05.29-00.39.49:806][  0]LogD3D11RHI: D3D11 adapters:
[2017.05.29-00.39.49:969][  0]LogD3D11RHI:    0. 'NVIDIA GeForce 315M ' (Feature Level 10_0)
[2017.05.29-00.39.49:969][  0]LogD3D11RHI:       459/0/2038 MB DedicatedVideo/DedicatedSystem/SharedSystem, Outputs:2, VendorId:0x10de
[2017.05.29-00.39.50:022][  0]LogD3D11RHI:    1. 'Microsoft Basic Render Driver' (Feature Level 11_0)
[2017.05.29-00.39.50:022][  0]LogD3D11RHI:       0/0/2038 MB DedicatedVideo/DedicatedSystem/SharedSystem, Outputs:0, VendorId:0x1414
[2017.05.29-00.39.50:022][  0]LogD3D11RHI: Chosen D3D11 Adapter: 0
[2017.05.29-00.39.50:031][  0]LogD3D11RHI: Creating new Direct3DDevice
[2017.05.29-00.39.50:031][  0]LogD3D11RHI:     GPU DeviceId: 0xa7a (for the marketing name, search the web for "GPU Device Id")
[2017.05.29-00.39.50:031][  0]LogWindows: EnumDisplayDevices:
[2017.05.29-00.39.50:032][  0]LogWindows:    0. 'NVIDIA GeForce 315M ' (P:1 D:1)
[2017.05.29-00.39.50:032][  0]LogWindows:    1. 'NVIDIA GeForce 315M ' (P:0 D:1)
[2017.05.29-00.39.50:032][  0]LogWindows: DebugString: FoundDriverCount:2 
[2017.05.29-00.39.50:032][  0]LogD3D11RHI:     Adapter Name: NVIDIA GeForce 315M 
[2017.05.29-00.39.50:033][  0]LogD3D11RHI:   Driver Version: 342.01 (internal:21.21.13.4201, unified:342.01)
[2017.05.29-00.39.50:033][  0]LogD3D11RHI:      Driver Date: 11-14-2016
[2017.05.29-00.39.50:033][  0]LogRHI: Texture pool is 321 MB (70% of 459 MB)
[2017.05.29-00.39.50:047][  0]LogD3D11RHI:Warning: Timestamp queries are currently disabled on this hardware due to instability. Realtime GPU stats will not be available. You can override this behaviour by setting r.NVIDIATimestampWorkaround to 0
[2017.05.29-00.39.50:132][  0]LogD3D11RHI: NvAPI_D3D_GetCurrentSLIState failed: 0xfffffff7
[2017.05.29-00.39.50:132][  0]LogD3D11RHI: Async texture creation enabled
[2017.05.29-00.39.50:174][  0]LogD3D11RHI: GPU Timing Frequency: 1000.000000 (Debug: 2 3)
[2017.05.29-00.39.53:932][  0]LogWindowsTextInputMethodSystem:Display: IME system now deactivated.
[2017.05.29-00.39.53:934][  0]LogWindowsTextInputMethodSystem:Display: IME system now deactivated.
[2017.05.29-00.39.53:935][  0]LogShaderCompilers: Guid format shader working directory is -17 characters bigger than the processId version (../../../../../../Users/Antonio Augusto/Documents/Unreal Projects/Zelda3D/Intermediate/Shaders/WorkingDirectory/8340/).
[2017.05.29-00.39.53:936][  0]LogShaderCompilers: Cleaned the shader compiler working directory 'C:/Users/Antonio Augusto/AppData/Local/Temp/UnrealShaderWorkingDir/E8CD33E04B49A7D31E7EF8A92A925E9C/'.
[2017.05.29-00.39.53:936][  0]LogShaderCompilers:Display: Using Local Shader Compiler.
[2017.05.29-00.39.58:134][  0]LogTemp:Display: Loaded TP AllDesktopTargetPlatform
[2017.05.29-00.39.58:295][  0]LogTemp:Display: Loaded TP MacClientTargetPlatform
[2017.05.29-00.39.58:438][  0]LogTemp:Display: Loaded TP MacNoEditorTargetPlatform
[2017.05.29-00.39.58:624][  0]LogTemp:Display: Loaded TP MacServerTargetPlatform
[2017.05.29-00.39.58:817][  0]LogTemp:Display: Loaded TP MacTargetPlatform
[2017.05.29-00.39.58:963][  0]LogTemp:Display: Loaded TP WindowsClientTargetPlatform
[2017.05.29-00.39.59:128][  0]LogTemp:Display: Loaded TP WindowsNoEditorTargetPlatform
[2017.05.29-00.39.59:270][  0]LogTemp:Display: Loaded TP WindowsServerTargetPlatform
[2017.05.29-00.39.59:403][  0]LogTemp:Display: Loaded TP WindowsTargetPlatform
[2017.05.29-00.39.59:611][  0]LogTemp:Display: Loaded TP AndroidTargetPlatform
[2017.05.29-00.39.59:786][  0]LogTemp:Display: Loaded TP Android_ASTCTargetPlatform
[2017.05.29-00.39.59:940][  0]LogTemp:Display: Loaded TP Android_ATCTargetPlatform
[2017.05.29-00.40.00:089][  0]LogTemp:Display: Loaded TP Android_DXTTargetPlatform
[2017.05.29-00.40.00:251][  0]LogTemp:Display: Loaded TP Android_ETC1TargetPlatform
[2017.05.29-00.40.00:465][  0]LogTemp:Display: Loaded TP Android_ETC2TargetPlatform
[2017.05.29-00.40.00:826][  0]LogTemp:Display: Loaded TP Android_MultiTargetPlatform
[2017.05.29-00.40.00:826][  0]LogTemp:Display: Loaded TP Android_PVRTCTargetPlatform
[2017.05.29-00.40.01:005][  0]LogTemp:Display: Loaded TP HTML5TargetPlatform
[2017.05.29-00.40.01:313][  0]LogTemp:Display: Loaded TP IOSTargetPlatform
[2017.05.29-00.40.01:398][  0]LogTemp:Display: Loaded TP TVOSTargetPlatform
[2017.05.29-00.40.01:540][  0]LogTemp:Display: Loaded TP LinuxClientTargetPlatform
[2017.05.29-00.40.01:681][  0]LogTemp:Display: Loaded TP LinuxNoEditorTargetPlatform
[2017.05.29-00.40.01:840][  0]LogTemp:Display: Loaded TP LinuxServerTargetPlatform
[2017.05.29-00.40.02:084][  0]LogTemp:Display: Loaded TP LinuxTargetPlatform
[2017.05.29-00.40.02:084][  0]LogTargetPlatformManager:Display: Building Assets For Windows
[2017.05.29-00.40.04:742][  0]LogDerivedDataCache:Display: Max Cache Size: 512 MB
[2017.05.29-00.40.05:395][  0]LogDerivedDataCache: Loaded boot cache 0.64s 48MB C:/Users/Antonio Augusto/AppData/Local/UnrealEngine/4.15/DerivedDataCache/Boot.ddc.
[2017.05.29-00.40.05:396][  0]LogDerivedDataCache:Display: Loaded Boot cache: C:/Users/Antonio Augusto/AppData/Local/UnrealEngine/4.15/DerivedDataCache/Boot.ddc
[2017.05.29-00.40.05:396][  0]LogDerivedDataCache: FDerivedDataBackendGraph:  Pak pak cache file ../../../../../../Users/Antonio Augusto/Documents/Unreal Projects/Zelda3D/DerivedDataCache/DDC.ddp not found, will not use a pak cache.
[2017.05.29-00.40.05:396][  0]LogDerivedDataCache: Unable to find inner node Pak for hierarchical cache Hierarchy.
[2017.05.29-00.40.05:396][  0]LogDerivedDataCache: FDerivedDataBackendGraph:  CompressedPak pak cache file ../../../../../../Users/Antonio Augusto/Documents/Unreal Projects/Zelda3D/DerivedDataCache/Compressed.ddp not found, will not use a pak cache.
[2017.05.29-00.40.05:396][  0]LogDerivedDataCache: Unable to find inner node CompressedPak for hierarchical cache Hierarchy.
[2017.05.29-00.40.05:492][  0]LogDerivedDataCache:Display: Pak cache opened for reading ../../../Engine/DerivedDataCache/Compressed.ddp.
[2017.05.29-00.40.05:505][  0]LogDerivedDataCache: Using Local data cache path C:/Users/Antonio Augusto/AppData/Local/UnrealEngine/Common/DerivedDataCache: Writable
[2017.05.29-00.40.05:513][  0]LogSlate: Using Freetype 2.6.0
[2017.05.29-00.40.05:603][  0]LogSlate: SlateFontCache - WITH_FREETYPE: 1, WITH_HARFBUZZ: 1
[2017.05.29-00.40.05:603][  0]LogSlate: SlateFontCache - WITH_FREETYPE: 1, WITH_HARFBUZZ: 1
[2017.05.29-00.40.10:612][  0]LogInit: Selected Device Profile: [Windows]
[2017.05.29-00.40.10:638][  0]LogContentStreaming: Texture pool size is 0.00 MB
[2017.05.29-00.40.11:882][  0]LogMeshUtilities: Using QuadricMeshReduction for automatic static mesh reduction
[2017.05.29-00.40.12:289][  0]LogSimplygon: Simplygon DLL not present - disabling.
[2017.05.29-00.40.12:667][  0]LogMeshUtilities: Using SimplygonSwarm for distributed automatic mesh merging
[2017.05.29-00.40.12:667][  0]LogMeshUtilities: No automatic skeletal mesh reduction module available
[2017.05.29-00.40.12:667][  0]LogMeshUtilities: No automatic mesh merging module available
[2017.05.29-00.40.16:222][  0]LogNetVersion: GetLocalNetworkVersion: CL: 3299760, ProjectName: zelda3d, ProjectVersion: , EngineNetworkVersion: 2, GameNetworkVersion: 0, NetworkChecksum: 3812114110
[2017.05.29-00.40.16:393][  0]LogAssetRegistry: FAssetRegistry took 0.0227 seconds to start up
[2017.05.29-00.40.17:219][  0]LogPackageLocalizationCache: Processed 3 localized package path(s) for 1 prioritized culture(s) in 0.593462 seconds
[2017.05.29-00.40.17:256][  0]LogUObjectArray: 32493 objects as part of root set at end of initial load.
[2017.05.29-00.40.17:256][  0]LogUObjectAllocator: 7077032 out of 0 bytes used by permanent object pool.
[2017.05.29-00.40.17:256][  0]LogUObjectArray: CloseDisregardForGC: 0/0 objects in disregard for GC pool
[2017.05.29-00.40.17:706][  0]LogInit: WinSock: version 1.1 (2.2), MaxSocks=32767, MaxUdp=65467
[2017.05.29-00.40.45:850][  0]LogTcpMessaging: Initializing TcpMessaging bridge
[2017.05.29-00.40.46:015][  0]LogUdpMessaging: Initializing bridge on interface 0.0.0.0:0 to multicast group 230.0.0.1:6666.
[2017.05.29-00.40.49:175][  0]LogMaterial: Uniform references updated for custom material expression Custom.
[2017.05.29-00.40.52:008][  0]SourceControl: Info Source control is disabled
[2017.05.29-00.40.52:323][  0]SourceControl: Info Source control is disabled
[2017.05.29-00.40.52:733][  0]SourceControl: Info Source control is disabled
[2017.05.29-00.40.53:005][  0]SourceControl: Info Source control is disabled
[2017.05.29-00.41.02:726][  0]LogEngine: Initializing Engine...
[2017.05.29-00.41.02:727][  0]LogHMD: Failed to initialize OpenVR with code 110
[2017.05.29-00.41.02:953][  0]LogStats: UGameplayTagsManager::ConstructGameplayTagTree: Construct from data asset -  0.000 s
[2017.05.29-00.41.02:953][  0]LogStats: UGameplayTagsManager::ConstructGameplayTagTree: GameplayTagTreeChangedEvent.Broadcast -  0.000 s
[2017.05.29-00.41.03:770][  0]LogAIModule: Creating AISystem for world Untitled
[2017.05.29-00.41.03:868][  0]LogInit: XAudio2 using 'Speakers (Realtek High Definition Audio)' : 2 channels at 48 kHz using 32 bits per sample (channel mask 0x3)
[2017.05.29-00.41.04:399][  0]LogInit: FAudioDevice initialized.
[2017.05.29-00.41.04:477][  0]LogDerivedDataCache: Saved boot cache 0.08s 48MB C:/Users/Antonio Augusto/AppData/Local/UnrealEngine/4.15/DerivedDataCache/Boot.ddc.
[2017.05.29-00.41.04:494][  0]LogInit: Texture streaming: Enabled
[2017.05.29-00.41.05:050][  0]LogEngineSessionManager: EngineSessionManager initialized
[2017.05.29-00.41.05:893][  0]LogInit: Transaction tracking system initialized
[2017.05.29-00.41.07:938][  0]BlueprintLog: New page: Editor Load
[2017.05.29-00.41.14:252][  0]LocalizationService: Info Localization service is disabled
[2017.05.29-00.41.19:178][  0]LogConsoleResponse:Display: 
[2017.05.29-00.41.21:302][  0]LogCook:Display: Max memory allowance for cook 16384mb min free memory 0mb
[2017.05.29-00.41.21:302][  0]LogCook:Display: Mobile HDR setting 1
[2017.05.29-00.41.21:532][  0]LogFileCache: Scanning file cache for directory 'C:/Users/Antonio Augusto/Documents/Unreal Projects/Zelda3D/Content/' took 0.06s
[2017.05.29-00.41.29:003][  0]SourceControl: Info Source control is disabled
[2017.05.29-00.41.29:004][  0]Cmd: MAP LOAD FILE="../../../../../../Users/Antonio Augusto/Documents/Unreal Projects/Zelda3D/Content/ThirdPersonBP/Maps/ThirdPersonExampleMap.umap" TEMPLATE=0 SHOWPROGRESS=1 FEATURELEVEL=2
[2017.05.29-00.41.29:006][  0]LightingResults: New page: Lighting Build
[2017.05.29-00.41.29:174][  0]MapCheck: New page: Map Check
[2017.05.29-00.41.29:174][  0]LightingResults: New page: Lighting Build
[2017.05.29-00.41.40:537][  0]LogAIModule: Creating AISystem for world ThirdPersonExampleMap
[2017.05.29-00.41.42:968][  0]LogEditorServer: Finished looking for orphan Actors (0.000 secs)
[2017.05.29-00.41.43:183][  0]Cmd: MAP CHECKDEP NOCLEARLOG
[2017.05.29-00.41.43:594][  0]MapCheck: Info Map check complete: 0 Error(s), 0 Warning(s), took 411.475ms to complete.
[2017.05.29-00.41.43:643][  0]LogFileHelpers: Loading map 'ThirdPersonExampleMap' took 14.639
[2017.05.29-00.41.47:455][  0]LogCollectionManager: Loaded 0 collections in 0.003421 seconds
[2017.05.29-00.41.47:702][  0]LogFileCache: Scanning file cache for directory 'C:/Users/Antonio Augusto/Documents/Unreal Projects/Zelda3D/Saved/Collections/' took 0.01s
[2017.05.29-00.41.47:702][  0]LogFileCache: Scanning file cache for directory 'C:/Users/Antonio Augusto/Documents/Unreal Projects/Zelda3D/Content/Developers/AntonioAugusto/Collections/' took 0.01s
[2017.05.29-00.41.47:702][  0]LogFileCache: Scanning file cache for directory 'C:/Users/Antonio Augusto/Documents/Unreal Projects/Zelda3D/Content/Collections/' took 0.01s
[2017.05.29-00.41.47:702][  0]LogCollectionManager: Rebuilt the GUID cache for 0 collections in 0.000003 seconds
[2017.05.29-00.41.47:722][  0]LogContentBrowser: Native class hierarchy populated in 0.0187 seconds. Added 2245 classes and 453 folders.
[2017.05.29-00.41.48:176][  0]LogContentBrowser: Native class hierarchy updated for 'WidgetCarousel' in 0.0247 seconds. Added 0 classes and 0 folders.
[2017.05.29-00.41.50:131][  0]LogContentBrowser: Native class hierarchy updated for 'AddContentDialog' in 0.0187 seconds. Added 0 classes and 0 folders.
[2017.05.29-00.41.50:677][  0]LogContentBrowser: Native class hierarchy updated for 'SceneOutliner' in 0.0039 seconds. Added 1 classes and 2 folders.
[2017.05.29-00.41.52:469][  0]LogCrashTracker: Crashtracker disabled due to settings.
[2017.05.29-00.41.52:949][  0]LogUObjectGlobals:Warning: Failed to find object 'Class None.'
[2017.05.29-00.41.53:376][  0]LogContentBrowser: Native class hierarchy updated for 'HierarchicalLODOutliner' in 0.0008 seconds. Added 1 classes and 2 folders.
[2017.05.29-00.41.53:376][  0]LogLoad: (Engine Initialization) Total time: 133.85 seconds
[2017.05.29-00.41.53:376][  0]LogLoad: (Engine Initialization) Total Blueprint compile time: 1.33 seconds
[2017.05.29-00.41.53:376][  0]LogExternalProfiler: No external profilers were discovered.  External profiling features will not be available.
[2017.05.29-00.41.53:797][  0]LogOcInput: OculusInput pre-init called
[2017.05.29-00.41.54:877][  0]LogContentStreaming: Texture pool size now 600 MB
[2017.05.29-00.41.55:852][  0]LogSlate: Took 0.032645 seconds to synchronously load lazily loaded font '../../../Engine/Content/Slate/Fonts/Roboto-Regular.ttf' (155K)
[2017.05.29-00.41.55:894][  0]LogSlate: Took 0.015825 seconds to synchronously load lazily loaded font '../../../Engine/Content/Slate/Fonts/Roboto-Bold.ttf' (160K)
[2017.05.29-00.41.56:146][  0]LogSlate: Took 0.036110 seconds to synchronously load lazily loaded font '../../../Engine/Content/Editor/Slate/Fonts/FontAwesome.ttf' (139K)
[2017.05.29-00.42.00:269][  0]LogRenderer: Reallocating scene render targets to support 820x476 NumSamples 1 (Frame:2).
[2017.05.29-00.42.00:269][  0]LogSlate: Took 0.030737 seconds to synchronously load lazily loaded font '../../../Engine/Content/Slate/Fonts/Roboto-Light.ttf' (159K)
[2017.05.29-00.42.10:490][  4]LogAssetRegistry: Asset discovery search completed in 114.1196 seconds
[2017.05.29-00.42.10:520][  4]LogCollectionManager: Rebuilt the object cache for 0 collections in 0.028804 seconds (found 0 objects)
[2017.05.29-00.42.10:520][  4]LogCollectionManager: Fixed up redirectors for 0 collections in 0.029755 seconds (updated 0 objects)
[2017.05.29-00.42.21:690][ 52]LogTemp: Repeting last play command: Selected Viewport
[2017.05.29-00.42.21:893][ 52]LogBlueprintUserMessages: Early PlayInEditor Detection: Level '/Game/ThirdPersonBP/Maps/ThirdPersonExampleMap.ThirdPersonExampleMap:PersistentLevel' has LevelScriptBlueprint '/Game/ThirdPersonBP/Maps/ThirdPersonExampleMap.ThirdPersonExampleMap:PersistentLevel.ThirdPersonExampleMap' with GeneratedClass '/Game/ThirdPersonBP/Maps/ThirdPersonExampleMap.ThirdPersonExampleMap_C' with ClassGeneratedBy '/Game/ThirdPersonBP/Maps/ThirdPersonExampleMap.ThirdPersonExampleMap:PersistentLevel.ThirdPersonExampleMap'
[2017.05.29-00.42.21:903][ 52]LogPlayLevel: PlayLevel: No blueprints needed recompiling
[2017.05.29-00.42.21:971][ 52]PIE: New page: PIE session: ThirdPersonExampleMap (May 28, 2017, 6:42:21 PM)
[2017.05.29-00.42.22:028][ 52]LogPlayLevel: Creating play world package: /Game/ThirdPersonBP/Maps/UEDPIE_0_ThirdPersonExampleMap
[2017.05.29-00.42.22:296][ 52]LogPlayLevel: PIE: StaticDuplicateObject took: (0.268443s)
[2017.05.29-00.42.22:297][ 52]LogAIModule: Creating AISystem for world ThirdPersonExampleMap
[2017.05.29-00.42.22:297][ 52]LogPlayLevel: PIE: World Init took: (0.001387s)
[2017.05.29-00.42.22:305][ 52]LogPlayLevel: PIE: Created PIE world by copying editor world from /Game/ThirdPersonBP/Maps/ThirdPersonExampleMap.ThirdPersonExampleMap to /Game/ThirdPersonBP/Maps/UEDPIE_0_ThirdPersonExampleMap.ThirdPersonExampleMap (0.285391s)
[2017.05.29-00.42.23:311][ 52]LogInit: XAudio2 using 'Speakers (Realtek High Definition Audio)' : 2 channels at 48 kHz using 32 bits per sample (channel mask 0x3)
[2017.05.29-00.42.23:361][ 52]LogInit: FAudioDevice initialized.
[2017.05.29-00.42.24:989][ 52]LogLoad: Game class is 'ThirdPersonGameMode_C'
[2017.05.29-00.42.25:481][ 52]LogWorld: Bringing World /Game/ThirdPersonBP/Maps/UEDPIE_0_ThirdPersonExampleMap.ThirdPersonExampleMap up for play (max tick rate 0) at 2017.05.28-21.42.25
[2017.05.29-00.42.26:114][ 52]LogWorld: Bringing up level for play took: 0.668523
[2017.05.29-00.42.26:695][ 52]LogContentBrowser: Native class hierarchy updated for 'MovieSceneCapture' in 0.0039 seconds. Added 11 classes and 0 folders.
[2017.05.29-00.42.27:139][ 52]PIE: Info Play in editor start time for /Game/ThirdPersonBP/Maps/UEDPIE_0_ThirdPersonExampleMap 4.464
[2017.05.29-00.42.27:171][ 52]LogBlueprintUserMessages: Late PlayInEditor Detection: Level '/Game/ThirdPersonBP/Maps/ThirdPersonExampleMap.ThirdPersonExampleMap:PersistentLevel' has LevelScriptBlueprint '/Game/ThirdPersonBP/Maps/ThirdPersonExampleMap.ThirdPersonExampleMap:PersistentLevel.ThirdPersonExampleMap' with GeneratedClass '/Game/ThirdPersonBP/Maps/ThirdPersonExampleMap.ThirdPersonExampleMap_C' with ClassGeneratedBy '/Game/ThirdPersonBP/Maps/ThirdPersonExampleMap.ThirdPersonExampleMap:PersistentLevel.ThirdPersonExampleMap'
[2017.05.29-00.42.44:458][221]LogBlueprintUserMessages: Early EndPlayMap Detection: Level '/Game/ThirdPersonBP/Maps/ThirdPersonExampleMap.ThirdPersonExampleMap:PersistentLevel' has LevelScriptBlueprint '/Game/ThirdPersonBP/Maps/ThirdPersonExampleMap.ThirdPersonExampleMap:PersistentLevel.ThirdPersonExampleMap' with GeneratedClass '/Game/ThirdPersonBP/Maps/ThirdPersonExampleMap.ThirdPersonExampleMap_C' with ClassGeneratedBy '/Game/ThirdPersonBP/Maps/ThirdPersonExampleMap.ThirdPersonExampleMap:PersistentLevel.ThirdPersonExampleMap'
[2017.05.29-00.42.45:757][221]LogBlueprintUserMessages: Late EndPlayMap Detection: Level '/Game/ThirdPersonBP/Maps/ThirdPersonExampleMap.ThirdPersonExampleMap:PersistentLevel' has LevelScriptBlueprint '/Game/ThirdPersonBP/Maps/ThirdPersonExampleMap.ThirdPersonExampleMap:PersistentLevel.ThirdPersonExampleMap' with GeneratedClass '/Game/ThirdPersonBP/Maps/ThirdPersonExampleMap.ThirdPersonExampleMap_C' with ClassGeneratedBy '/Game/ThirdPersonBP/Maps/ThirdPersonExampleMap.ThirdPersonExampleMap:PersistentLevel.ThirdPersonExampleMap'
